[19:56:11.199][info] [#0:/Users/yuanhang/.config/coc/extensions/coc-sumneko-lua-data/sumneko-lua-ls/extension/server/main.lua:66]: Lua Lsp startup, root: 	/Users/yuanhang/.config/coc/extensions/coc-sumneko-lua-data/sumneko-lua-ls/extension/server
[19:56:11.199][info] [#0:/Users/yuanhang/.config/coc/extensions/coc-sumneko-lua-data/sumneko-lua-ls/extension/server/main.lua:67]: ROOT:	/Users/yuanhang/.config/coc/extensions/coc-sumneko-lua-data/sumneko-lua-ls/extension/server
[19:56:11.199][info] [#0:/Users/yuanhang/.config/coc/extensions/coc-sumneko-lua-data/sumneko-lua-ls/extension/server/main.lua:68]: LOGPATH:	/Users/yuanhang/.config/coc/extensions/coc-sumneko-lua-data/sumneko-lua-ls/extension/server/log
[19:56:11.199][info] [#0:/Users/yuanhang/.config/coc/extensions/coc-sumneko-lua-data/sumneko-lua-ls/extension/server/main.lua:69]: METAPATH:	/Users/yuanhang/.config/coc/extensions/coc-sumneko-lua-data/sumneko-lua-ls/extension/server/meta
[19:56:11.200][info] [#0:/Users/yuanhang/.config/coc/extensions/coc-sumneko-lua-data/sumneko-lua-ls/extension/server/main.lua:70]: VERSION:	3.6.22
[19:56:11.220][info] [#0:script/service/service.lua:144]: 
========= Medical Examination Report =========
    --------------- Memory ---------------
        Total: 2.132 MB
        # 00 : 2.132 MB
        # 01 : 0.000 MB
        # 02 : 0.000 MB
        # 03 : 0.000 MB
        # 04 : 0.000 MB
    --------------- Coroutine ---------------
        Total:     0
        Running:   0
        Suspended: 0
        Normal:    0
        Dead:      0
    --------------- Cache ---------------
        Total: 1
        Dead:  0
    ---------------  RPC  ---------------
        Holdon:   0
        Waiting:  0
==============================================
[19:56:11.224][info] [#0:script/client.lua:657]: Client init	{
  capabilities = {
    general = {
      markdown = {
        parser = "marked",
        version = "4.0.10"
      },
      positionEncodings = { "utf-16" },
      regularExpressions = {
        engine = "ECMAScript",
        version = "ES2020"
      },
      staleRequestSupport = {
        cancel = true,
        retryOnContentModified = { "textDocument/inlayHint", "textDocument/semanticTokens/full", "textDocument/semanticTokens/range", "textDocument/semanticTokens/full/delta" }
      }
    },
    textDocument = {
      callHierarchy = {
        dynamicRegistration = true
      },
      codeAction = {
        codeActionLiteralSupport = {
          codeActionKind = {
            valueSet = { "", "quickfix", "refactor", "refactor.extract", "refactor.inline", "refactor.rewrite", "source", "source.organizeImports" }
          }
        },
        dataSupport = true,
        disabledSupport = true,
        dynamicRegistration = true,
        honorsChangeAnnotations = false,
        isPreferredSupport = true,
        resolveSupport = {
          properties = { "edit" }
        }
      },
      codeLens = {
        dynamicRegistration = true
      },
      colorProvider = {
        dynamicRegistration = true
      },
      completion = {
        completionItem = {
          commitCharactersSupport = true,
          deprecatedSupport = true,
          documentationFormat = { "markdown", "plaintext" },
          insertReplaceSupport = true,
          insertTextModeSupport = {
            valueSet = { 1, 2 }
          },
          labelDetailsSupport = true,
          preselectSupport = true,
          resolveSupport = {
            properties = { "documentation", "detail", "additionalTextEdits" }
          },
          snippetSupport = true,
          tagSupport = {
            valueSet = { 1 }
          }
        },
        completionItemKind = {
          valueSet = { 1, 2, 3, 4, 5, 6, 7, 8, 9, 10, 11, 12, 13, 14, 15, 16, 17, 18, 19, 20, 21, 22, 23, 24, 25 }
        },
        completionList = {
          itemDefaults = { "commitCharacters", "editRange", "insertTextFormat", "insertTextMode" }
        },
        contextSupport = true,
        dynamicRegistration = true,
        insertTextMode = 2
      },
      declaration = {
        dynamicRegistration = true,
        linkSupport = true
      },
      definition = {
        dynamicRegistration = true,
        linkSupport = true
      },
      diagnostic = {
        dynamicRegistration = true,
        relatedDocumentSupport = true
      },
      documentHighlight = {
        dynamicRegistration = true
      },
      documentLink = {
        dynamicRegistration = true,
        tooltipSupport = true
      },
      documentSymbol = {
        dynamicRegistration = true,
        hierarchicalDocumentSymbolSupport = true,
        labelSupport = true,
        symbolKind = {
          valueSet = { 1, 2, 3, 4, 5, 6, 7, 8, 9, 10, 11, 12, 13, 14, 15, 16, 17, 18, 19, 20, 21, 22, 23, 24, 25, 26 }
        },
        tagSupport = {
          valueSet = { 1 }
        }
      },
      foldingRange = {
        dynamicRegistration = true,
        foldingRange = {
          collapsedText = false
        },
        foldingRangeKind = {
          valueSet = { "comment", "imports", "region" }
        },
        lineFoldingOnly = true,
        rangeLimit = 5000
      },
      formatting = {
        dynamicRegistration = true
      },
      hover = {
        contentFormat = { "markdown", "plaintext" },
        dynamicRegistration = true
      },
      implementation = {
        dynamicRegistration = true,
        linkSupport = true
      },
      inlayHint = {
        dynamicRegistration = true,
        resolveSupport = {
          properties = { "tooltip", "textEdits", "label.tooltip", "label.location", "label.command" }
        }
      },
      inlineValue = {
        dynamicRegistration = true
      },
      linkedEditingRange = {
        dynamicRegistration = true
      },
      onTypeFormatting = {
        dynamicRegistration = true
      },
      publishDiagnostics = {
        codeDescriptionSupport = true,
        dataSupport = true,
        relatedInformation = true,
        tagSupport = {
          valueSet = { 1, 2 }
        },
        versionSupport = true
      },
      rangeFormatting = {
        dynamicRegistration = true
      },
      references = {
        dynamicRegistration = true
      },
      rename = {
        dynamicRegistration = true,
        honorsChangeAnnotations = true,
        prepareSupport = true,
        prepareSupportDefaultBehavior = 1
      },
      selectionRange = {
        dynamicRegistration = true
      },
      semanticTokens = {
        augmentsSyntaxTokens = true,
        dynamicRegistration = true,
        formats = { "relative" },
        multilineTokenSupport = false,
        overlappingTokenSupport = false,
        requests = {
          full = {
            delta = true
          },
          range = true
        },
        serverCancelSupport = true,
        tokenModifiers = { "declaration", "definition", "readonly", "static", "deprecated", "abstract", "async", "modification", "documentation", "defaultLibrary" },
        tokenTypes = { "namespace", "type", "class", "enum", "interface", "struct", "typeParameter", "parameter", "variable", "property", "enumMember", "event", "function", "method", "macro", "keyword", "modifier", "comment", "string", "number", "regexp", "decorator", "operator" }
      },
      signatureHelp = {
        contextSupport = true,
        dynamicRegistration = true,
        signatureInformation = {
          activeParameterSupport = true,
          documentationFormat = { "markdown", "plaintext" },
          parameterInformation = {
            labelOffsetSupport = true
          }
        }
      },
      synchronization = {
        didSave = true,
        dynamicRegistration = true,
        willSave = true,
        willSaveWaitUntil = true
      },
      typeDefinition = {
        dynamicRegistration = true,
        linkSupport = true
      },
      typeHierarchy = {
        dynamicRegistration = true
      }
    },
    window = {
      showDocument = {
        support = true
      },
      showMessage = {
        messageActionItem = {
          additionalPropertiesSupport = true
        }
      },
      workDoneProgress = true
    },
    workspace = {
      applyEdit = true,
      codeLens = {
        refreshSupport = true
      },
      configuration = true,
      diagnostics = {
        refreshSupport = true
      },
      didChangeConfiguration = {
        dynamicRegistration = true
      },
      didChangeWatchedFiles = {
        dynamicRegistration = true,
        relativePatternSupport = true
      },
      executeCommand = {
        dynamicRegistration = true
      },
      fileOperations = {
        didCreate = true,
        didDelete = true,
        didRename = true,
        dynamicRegistration = true,
        willCreate = true,
        willDelete = true,
        willRename = true
      },
      inlayHint = {
        refreshSupport = true
      },
      inlineValue = {
        refreshSupport = true
      },
      semanticTokens = {
        refreshSupport = true
      },
      symbol = {
        dynamicRegistration = true,
        resolveSupport = {
          properties = { "location.range" }
        },
        symbolKind = {
          valueSet = { 1, 2, 3, 4, 5, 6, 7, 8, 9, 10, 11, 12, 13, 14, 15, 16, 17, 18, 19, 20, 21, 22, 23, 24, 25, 26 }
        },
        tagSupport = {
          valueSet = { 1 }
        }
      },
      workspaceEdit = {
        changeAnnotationSupport = {
          groupsOnLabel = false
        },
        documentChanges = true,
        failureHandling = "undo",
        normalizesLineEndings = true,
        resourceOperations = { "create", "rename", "delete" }
      },
      workspaceFolders = true
    }
  },
  clientInfo = {
    name = "coc.nvim",
    version = "0.0.82"
  },
  initializationOptions = {
    changeConfiguration = true
  },
  locale = "zh_CN",
  processId = 3633,
  rootPath = "/Users/yuanhang/.vim/plugged/dashboard-nvim",
  rootUri = "file:///Users/yuanhang/.vim/plugged/dashboard-nvim",
  trace = "off",
  workDoneToken = "83636711-df4b-4b23-9c0f-6e042c007e19",
  workspaceFolders = { {
      name = "dashboard-nvim",
      uri = "file:///Users/yuanhang/.vim/plugged/dashboard-nvim"
    } }
}
[19:56:11.225][info] [#0:script/language.lua:137]: VSC language: en-us
[19:56:11.225][info] [#0:script/language.lua:138]: LS  language: en-us
[19:56:11.225][info] [#0:script/workspace/workspace.lua:38]: Workspace init root: 	file:///Users/yuanhang/.vim/plugged/dashboard-nvim
[19:56:11.225][info] [#0:script/workspace/workspace.lua:42]: Log path: 	/Users/yuanhang/.config/coc/extensions/coc-sumneko-lua-data/sumneko-lua-ls/extension/server/log/file_Users_yuanhang_.vim_plugged_dashboard-nvim.log
[19:56:11.225][info] [#0:script/workspace/workspace.lua:48]: Workspace create: 	file:///Users/yuanhang/.vim/plugged/dashboard-nvim
[19:56:11.333][info] [#0:script/provider/provider.lua:46]: Load config from client	file:///Users/yuanhang/.vim/plugged/dashboard-nvim
[19:56:11.333][info] [#0:script/provider/provider.lua:47]: {
  Lua = {
    addonManager = {
      enable = true
    },
    codeLens = {
      enable = false
    },
    completion = {
      autoRequire = true,
      callSnippet = "Disable",
      displayContext = 0,
      enable = true,
      keywordSnippet = "Replace",
      postfix = "@",
      requireSeparator = ".",
      showParams = true,
      showWord = "Fallback",
      workspaceWord = true
    },
    diagnostics = {
      disable = {},
      disableScheme = { "git" },
      enable = true,
      globals = {},
      groupFileStatus = {},
      groupSeverity = {},
      ignoredFiles = "Opened",
      libraryFiles = "Opened",
      neededFileStatus = {},
      severity = {},
      unusedLocalExclude = {},
      workspaceDelay = 3000,
      workspaceEvent = "OnSave",
      workspaceRate = 100
    },
    doc = {
      packageName = {},
      privateName = {},
      protectedName = {}
    },
    format = {
      defaultConfig = {},
      enable = true
    },
    hint = {
      arrayIndex = "Auto",
      await = true,
      enable = true,
      paramName = "All",
      paramType = true,
      semicolon = "SameLine",
      setType = false
    },
    hover = {
      enable = true,
      enumsLimit = 5,
      expandAlias = true,
      previewFields = 50,
      viewNumber = true,
      viewString = true,
      viewStringMax = 1000
    },
    misc = {
      executablePath = "",
      parameters = {}
    },
    runtime = {
      builtin = {},
      fileEncoding = "utf8",
      meta = "${version} ${language} ${encoding}",
      nonstandardSymbol = {},
      path = { "?.lua", "?/init.lua" },
      pathStrict = false,
      plugin = "",
      pluginArgs = {},
      special = {},
      unicodeName = false,
      version = "Lua 5.4"
    },
    semantic = {
      annotation = true,
      enable = true,
      keyword = false,
      variable = true
    },
    signatureHelp = {
      enable = true
    },
    spell = {
      dict = {}
    },
    type = {
      castNumberToInteger = true,
      weakNilCheck = false,
      weakUnionCheck = false
    },
    typeFormat = {
      config = {}
    },
    window = {
      progressBar = true,
      statusBar = true
    },
    workspace = {
      checkThirdParty = true,
      ignoreDir = { ".vscode" },
      ignoreSubmodules = true,
      library = {},
      maxPreload = 5000,
      preloadFileSize = 500,
      useGitIgnore = true,
      userThirdParty = {}
    }
  }
}
[19:56:11.438][info] [#0:script/provider/completion.lua:43]: Enable completion.
[19:56:11.439][info] [#0:script/provider/provider.lua:61]: Load config from client	fallback
[19:56:11.440][info] [#0:script/provider/provider.lua:62]: {
  Lua = {
    addonManager = {
      enable = true
    },
    codeLens = {
      enable = false
    },
    completion = {
      autoRequire = true,
      callSnippet = "Disable",
      displayContext = 0,
      enable = true,
      keywordSnippet = "Replace",
      postfix = "@",
      requireSeparator = ".",
      showParams = true,
      showWord = "Fallback",
      workspaceWord = true
    },
    diagnostics = {
      disable = {},
      disableScheme = { "git" },
      enable = true,
      globals = {},
      groupFileStatus = {},
      groupSeverity = {},
      ignoredFiles = "Opened",
      libraryFiles = "Opened",
      neededFileStatus = {},
      severity = {},
      unusedLocalExclude = {},
      workspaceDelay = 3000,
      workspaceEvent = "OnSave",
      workspaceRate = 100
    },
    doc = {
      packageName = {},
      privateName = {},
      protectedName = {}
    },
    format = {
      defaultConfig = {},
      enable = true
    },
    hint = {
      arrayIndex = "Auto",
      await = true,
      enable = true,
      paramName = "All",
      paramType = true,
      semicolon = "SameLine",
      setType = false
    },
    hover = {
      enable = true,
      enumsLimit = 5,
      expandAlias = true,
      previewFields = 50,
      viewNumber = true,
      viewString = true,
      viewStringMax = 1000
    },
    misc = {
      executablePath = "",
      parameters = {}
    },
    runtime = {
      builtin = {},
      fileEncoding = "utf8",
      meta = "${version} ${language} ${encoding}",
      nonstandardSymbol = {},
      path = { "?.lua", "?/init.lua" },
      pathStrict = false,
      plugin = "",
      pluginArgs = {},
      special = {},
      unicodeName = false,
      version = "Lua 5.4"
    },
    semantic = {
      annotation = true,
      enable = true,
      keyword = false,
      variable = true
    },
    signatureHelp = {
      enable = true
    },
    spell = {
      dict = {}
    },
    type = {
      castNumberToInteger = true,
      weakNilCheck = false,
      weakUnionCheck = false
    },
    typeFormat = {
      config = {}
    },
    window = {
      progressBar = true,
      statusBar = true
    },
    workspace = {
      checkThirdParty = true,
      ignoreDir = { ".vscode" },
      ignoreSubmodules = true,
      library = {},
      maxPreload = 5000,
      preloadFileSize = 500,
      useGitIgnore = true,
      userThirdParty = {}
    }
  }
}
[19:56:11.545][info] [#0:script/library.lua:212]: Init builtin library at:	file:///Users/yuanhang/.vim/plugged/dashboard-nvim
[19:56:11.586][info] [#0:script/plugin.lua:86]: plugin path:	/Users/yuanhang/.vim/plugged/dashboard-nvim
[19:56:11.586][warn] [#0:script/plugin.lua:101]: plugin not found:	/Users/yuanhang/.vim/plugged/dashboard-nvim
[19:56:11.586][info] [#0:script/library.lua:212]: Init builtin library at:	nil
[19:56:11.703][info] [#0:script/workspace/workspace.lua:322]: Preload start:	file:///Users/yuanhang/.vim/plugged/dashboard-nvim
[19:56:11.707][info] [#0:script/workspace/workspace.lua:328]: Scan files at:	file:///Users/yuanhang/.vim/plugged/dashboard-nvim
[19:56:11.708][info] [#0:script/workspace/workspace.lua:322]: Preload start:	<fallback>
[19:56:11.711][info] [#0:script/workspace/workspace.lua:351]: Scan library at:	file:///Users/yuanhang/.config/coc/extensions/coc-sumneko-lua-data/sumneko-lua-ls/extension/server/meta/Lua%205.4%20en-us%20utf8/coroutine.lua
[19:56:11.711][info] [#0:script/workspace/workspace.lua:351]: Scan library at:	file:///Users/yuanhang/.config/coc/extensions/coc-sumneko-lua-data/sumneko-lua-ls/extension/server/meta/Lua%205.4%20en-us%20utf8/table.lua
[19:56:11.711][info] [#0:script/workspace/workspace.lua:351]: Scan library at:	file:///Users/yuanhang/.config/coc/extensions/coc-sumneko-lua-data/sumneko-lua-ls/extension/server/meta/Lua%205.4%20en-us%20utf8/string.lua
[19:56:11.712][info] [#0:script/workspace/workspace.lua:351]: Scan library at:	file:///Users/yuanhang/.config/coc/extensions/coc-sumneko-lua-data/sumneko-lua-ls/extension/server/meta/Lua%205.4%20en-us%20utf8/debug.lua
[19:56:11.712][info] [#0:script/workspace/workspace.lua:351]: Scan library at:	file:///Users/yuanhang/.config/coc/extensions/coc-sumneko-lua-data/sumneko-lua-ls/extension/server/meta/Lua%205.4%20en-us%20utf8/utf8.lua
[19:56:11.712][info] [#0:script/workspace/workspace.lua:351]: Scan library at:	file:///Users/yuanhang/.config/coc/extensions/coc-sumneko-lua-data/sumneko-lua-ls/extension/server/meta/Lua%205.4%20en-us%20utf8/io.lua
[19:56:11.712][info] [#0:script/workspace/workspace.lua:351]: Scan library at:	file:///Users/yuanhang/.config/coc/extensions/coc-sumneko-lua-data/sumneko-lua-ls/extension/server/meta/Lua%205.4%20en-us%20utf8/builtin.lua
[19:56:11.712][info] [#0:script/workspace/workspace.lua:351]: Scan library at:	file:///Users/yuanhang/.config/coc/extensions/coc-sumneko-lua-data/sumneko-lua-ls/extension/server/meta/Lua%205.4%20en-us%20utf8/math.lua
[19:56:11.713][info] [#0:script/workspace/workspace.lua:351]: Scan library at:	file:///Users/yuanhang/.config/coc/extensions/coc-sumneko-lua-data/sumneko-lua-ls/extension/server/meta/Lua%205.4%20en-us%20utf8/package.lua
[19:56:11.713][info] [#0:script/workspace/workspace.lua:351]: Scan library at:	file:///Users/yuanhang/.config/coc/extensions/coc-sumneko-lua-data/sumneko-lua-ls/extension/server/meta/Lua%205.4%20en-us%20utf8/os.lua
[19:56:11.713][info] [#0:script/workspace/workspace.lua:351]: Scan library at:	file:///Users/yuanhang/.config/coc/extensions/coc-sumneko-lua-data/sumneko-lua-ls/extension/server/meta/Lua%205.4%20en-us%20utf8/basic.lua
[19:56:11.714][info] [#0:script/workspace/workspace.lua:351]: Scan library at:	file:///Users/yuanhang/.config/coc/extensions/coc-sumneko-lua-data/sumneko-lua-ls/extension/server/meta/Lua%205.4%20en-us%20utf8/coroutine.lua
[19:56:11.714][info] [#0:script/workspace/workspace.lua:351]: Scan library at:	file:///Users/yuanhang/.config/coc/extensions/coc-sumneko-lua-data/sumneko-lua-ls/extension/server/meta/Lua%205.4%20en-us%20utf8/table.lua
[19:56:11.714][info] [#0:script/workspace/workspace.lua:351]: Scan library at:	file:///Users/yuanhang/.config/coc/extensions/coc-sumneko-lua-data/sumneko-lua-ls/extension/server/meta/Lua%205.4%20en-us%20utf8/string.lua
[19:56:11.714][info] [#0:script/workspace/workspace.lua:351]: Scan library at:	file:///Users/yuanhang/.config/coc/extensions/coc-sumneko-lua-data/sumneko-lua-ls/extension/server/meta/Lua%205.4%20en-us%20utf8/debug.lua
[19:56:11.714][info] [#0:script/workspace/workspace.lua:351]: Scan library at:	file:///Users/yuanhang/.config/coc/extensions/coc-sumneko-lua-data/sumneko-lua-ls/extension/server/meta/Lua%205.4%20en-us%20utf8/utf8.lua
[19:56:11.714][info] [#0:script/workspace/workspace.lua:351]: Scan library at:	file:///Users/yuanhang/.config/coc/extensions/coc-sumneko-lua-data/sumneko-lua-ls/extension/server/meta/Lua%205.4%20en-us%20utf8/io.lua
[19:56:11.714][info] [#0:script/workspace/workspace.lua:351]: Scan library at:	file:///Users/yuanhang/.config/coc/extensions/coc-sumneko-lua-data/sumneko-lua-ls/extension/server/meta/Lua%205.4%20en-us%20utf8/builtin.lua
[19:56:11.714][info] [#0:script/workspace/workspace.lua:351]: Scan library at:	file:///Users/yuanhang/.config/coc/extensions/coc-sumneko-lua-data/sumneko-lua-ls/extension/server/meta/Lua%205.4%20en-us%20utf8/math.lua
[19:56:11.715][info] [#0:script/workspace/workspace.lua:351]: Scan library at:	file:///Users/yuanhang/.config/coc/extensions/coc-sumneko-lua-data/sumneko-lua-ls/extension/server/meta/Lua%205.4%20en-us%20utf8/package.lua
[19:56:11.715][info] [#0:script/workspace/workspace.lua:351]: Scan library at:	file:///Users/yuanhang/.config/coc/extensions/coc-sumneko-lua-data/sumneko-lua-ls/extension/server/meta/Lua%205.4%20en-us%20utf8/os.lua
[19:56:11.715][info] [#0:script/workspace/workspace.lua:351]: Scan library at:	file:///Users/yuanhang/.config/coc/extensions/coc-sumneko-lua-data/sumneko-lua-ls/extension/server/meta/Lua%205.4%20en-us%20utf8/basic.lua
[19:56:11.820][info] [#0:script/workspace/workspace.lua:377]: Found 11 files at:	<fallback>
[19:56:11.820][info] [#0:script/workspace/loading.lua:161]: Load files from disk:	<fallback>
[19:56:11.820][info] [#0:script/workspace/workspace.lua:377]: Found 19 files at:	file:///Users/yuanhang/.vim/plugged/dashboard-nvim
[19:56:11.820][info] [#0:script/workspace/loading.lua:161]: Load files from disk:	file:///Users/yuanhang/.vim/plugged/dashboard-nvim
[19:56:11.821][info] [#0:script/workspace/loading.lua:89]: Skip loaded file: file:///Users/yuanhang/.vim/plugged/dashboard-nvim/lua/dashboard/theme/hyper.lua
[19:56:11.924][info] [#0:script/workspace/loading.lua:101]: Preload file at: file:///Users/yuanhang/.config/coc/extensions/coc-sumneko-lua-data/sumneko-lua-ls/extension/server/meta/Lua%205.4%20en-us%20utf8/basic.lua , size = 15.185 KB
[19:56:11.943][info] [#0:script/workspace/loading.lua:113]: ++++As library of:	file:///Users/yuanhang/.config/coc/extensions/coc-sumneko-lua-data/sumneko-lua-ls/extension/server/meta/Lua%205.4%20en-us%20utf8/basic.lua
[19:56:11.943][info] [#0:script/workspace/loading.lua:101]: Preload file at: file:///Users/yuanhang/.config/coc/extensions/coc-sumneko-lua-data/sumneko-lua-ls/extension/server/meta/Lua%205.4%20en-us%20utf8/os.lua , size = 4.347 KB
[19:56:11.947][info] [#0:script/workspace/loading.lua:113]: ++++As library of:	file:///Users/yuanhang/.config/coc/extensions/coc-sumneko-lua-data/sumneko-lua-ls/extension/server/meta/Lua%205.4%20en-us%20utf8/os.lua
[19:56:11.947][info] [#0:script/workspace/loading.lua:98]: Skip loaded file: file:///Users/yuanhang/.config/coc/extensions/coc-sumneko-lua-data/sumneko-lua-ls/extension/server/meta/Lua%205.4%20en-us%20utf8/os.lua
[19:56:11.947][info] [#0:script/workspace/loading.lua:101]: Preload file at: file:///Users/yuanhang/.config/coc/extensions/coc-sumneko-lua-data/sumneko-lua-ls/extension/server/meta/Lua%205.4%20en-us%20utf8/package.lua , size = 2.944 KB
[19:56:11.949][info] [#0:script/workspace/loading.lua:113]: ++++As library of:	file:///Users/yuanhang/.config/coc/extensions/coc-sumneko-lua-data/sumneko-lua-ls/extension/server/meta/Lua%205.4%20en-us%20utf8/package.lua
[19:56:11.949][info] [#0:script/workspace/loading.lua:98]: Skip loaded file: file:///Users/yuanhang/.config/coc/extensions/coc-sumneko-lua-data/sumneko-lua-ls/extension/server/meta/Lua%205.4%20en-us%20utf8/package.lua
[19:56:11.950][info] [#0:script/workspace/loading.lua:101]: Preload file at: file:///Users/yuanhang/.config/coc/extensions/coc-sumneko-lua-data/sumneko-lua-ls/extension/server/meta/Lua%205.4%20en-us%20utf8/math.lua , size = 8.731 KB
[19:56:11.957][info] [#0:script/workspace/loading.lua:113]: ++++As library of:	file:///Users/yuanhang/.config/coc/extensions/coc-sumneko-lua-data/sumneko-lua-ls/extension/server/meta/Lua%205.4%20en-us%20utf8/math.lua
[19:56:11.957][info] [#0:script/workspace/loading.lua:98]: Skip loaded file: file:///Users/yuanhang/.config/coc/extensions/coc-sumneko-lua-data/sumneko-lua-ls/extension/server/meta/Lua%205.4%20en-us%20utf8/math.lua
[19:56:11.957][info] [#0:script/workspace/loading.lua:101]: Preload file at: file:///Users/yuanhang/.config/coc/extensions/coc-sumneko-lua-data/sumneko-lua-ls/extension/server/meta/Lua%205.4%20en-us%20utf8/builtin.lua , size = 0.302 KB
[19:56:11.958][info] [#0:script/workspace/loading.lua:113]: ++++As library of:	file:///Users/yuanhang/.config/coc/extensions/coc-sumneko-lua-data/sumneko-lua-ls/extension/server/meta/Lua%205.4%20en-us%20utf8/builtin.lua
[19:56:11.958][info] [#0:script/workspace/loading.lua:98]: Skip loaded file: file:///Users/yuanhang/.config/coc/extensions/coc-sumneko-lua-data/sumneko-lua-ls/extension/server/meta/Lua%205.4%20en-us%20utf8/builtin.lua
[19:56:11.958][info] [#0:script/workspace/loading.lua:101]: Preload file at: file:///Users/yuanhang/.config/coc/extensions/coc-sumneko-lua-data/sumneko-lua-ls/extension/server/meta/Lua%205.4%20en-us%20utf8/io.lua , size = 6.364 KB
[19:56:11.962][info] [#0:script/workspace/loading.lua:113]: ++++As library of:	file:///Users/yuanhang/.config/coc/extensions/coc-sumneko-lua-data/sumneko-lua-ls/extension/server/meta/Lua%205.4%20en-us%20utf8/io.lua
[19:56:11.962][info] [#0:script/workspace/loading.lua:98]: Skip loaded file: file:///Users/yuanhang/.config/coc/extensions/coc-sumneko-lua-data/sumneko-lua-ls/extension/server/meta/Lua%205.4%20en-us%20utf8/io.lua
[19:56:11.962][info] [#0:script/workspace/loading.lua:101]: Preload file at: file:///Users/yuanhang/.config/coc/extensions/coc-sumneko-lua-data/sumneko-lua-ls/extension/server/meta/Lua%205.4%20en-us%20utf8/utf8.lua , size = 2.386 KB
[19:56:11.964][info] [#0:script/workspace/loading.lua:113]: ++++As library of:	file:///Users/yuanhang/.config/coc/extensions/coc-sumneko-lua-data/sumneko-lua-ls/extension/server/meta/Lua%205.4%20en-us%20utf8/utf8.lua
[19:56:11.964][info] [#0:script/workspace/loading.lua:98]: Skip loaded file: file:///Users/yuanhang/.config/coc/extensions/coc-sumneko-lua-data/sumneko-lua-ls/extension/server/meta/Lua%205.4%20en-us%20utf8/utf8.lua
[19:56:11.964][info] [#0:script/workspace/loading.lua:101]: Preload file at: file:///Users/yuanhang/.config/coc/extensions/coc-sumneko-lua-data/sumneko-lua-ls/extension/server/meta/Lua%205.4%20en-us%20utf8/debug.lua , size = 7.637 KB
[19:56:11.969][info] [#0:script/workspace/loading.lua:113]: ++++As library of:	file:///Users/yuanhang/.config/coc/extensions/coc-sumneko-lua-data/sumneko-lua-ls/extension/server/meta/Lua%205.4%20en-us%20utf8/debug.lua
[19:56:11.969][info] [#0:script/workspace/loading.lua:98]: Skip loaded file: file:///Users/yuanhang/.config/coc/extensions/coc-sumneko-lua-data/sumneko-lua-ls/extension/server/meta/Lua%205.4%20en-us%20utf8/basic.lua
[19:56:11.969][info] [#0:script/workspace/loading.lua:98]: Skip loaded file: file:///Users/yuanhang/.config/coc/extensions/coc-sumneko-lua-data/sumneko-lua-ls/extension/server/meta/Lua%205.4%20en-us%20utf8/debug.lua
[19:56:11.969][info] [#0:script/workspace/loading.lua:101]: Preload file at: file:///Users/yuanhang/.config/coc/extensions/coc-sumneko-lua-data/sumneko-lua-ls/extension/server/meta/Lua%205.4%20en-us%20utf8/string.lua , size = 6.302 KB
[19:56:11.974][info] [#0:script/workspace/loading.lua:113]: ++++As library of:	file:///Users/yuanhang/.config/coc/extensions/coc-sumneko-lua-data/sumneko-lua-ls/extension/server/meta/Lua%205.4%20en-us%20utf8/string.lua
[19:56:11.974][info] [#0:script/workspace/loading.lua:98]: Skip loaded file: file:///Users/yuanhang/.config/coc/extensions/coc-sumneko-lua-data/sumneko-lua-ls/extension/server/meta/Lua%205.4%20en-us%20utf8/string.lua
[19:56:11.974][info] [#0:script/workspace/loading.lua:101]: Preload file at: file:///Users/yuanhang/.config/coc/extensions/coc-sumneko-lua-data/sumneko-lua-ls/extension/server/meta/Lua%205.4%20en-us%20utf8/table.lua , size = 4.230 KB
[19:56:11.976][info] [#0:script/workspace/loading.lua:113]: ++++As library of:	file:///Users/yuanhang/.config/coc/extensions/coc-sumneko-lua-data/sumneko-lua-ls/extension/server/meta/Lua%205.4%20en-us%20utf8/table.lua
[19:56:11.976][info] [#0:script/workspace/loading.lua:98]: Skip loaded file: file:///Users/yuanhang/.config/coc/extensions/coc-sumneko-lua-data/sumneko-lua-ls/extension/server/meta/Lua%205.4%20en-us%20utf8/table.lua
[19:56:11.976][info] [#0:script/workspace/loading.lua:101]: Preload file at: file:///Users/yuanhang/.config/coc/extensions/coc-sumneko-lua-data/sumneko-lua-ls/extension/server/meta/Lua%205.4%20en-us%20utf8/coroutine.lua , size = 2.590 KB
[19:56:11.978][info] [#0:script/workspace/loading.lua:113]: ++++As library of:	file:///Users/yuanhang/.config/coc/extensions/coc-sumneko-lua-data/sumneko-lua-ls/extension/server/meta/Lua%205.4%20en-us%20utf8/coroutine.lua
[19:56:11.978][info] [#0:script/workspace/loading.lua:98]: Skip loaded file: file:///Users/yuanhang/.config/coc/extensions/coc-sumneko-lua-data/sumneko-lua-ls/extension/server/meta/Lua%205.4%20en-us%20utf8/coroutine.lua
[19:56:11.978][info] [#0:script/workspace/loading.lua:101]: Preload file at: file:///Users/yuanhang/.vim/plugged/dashboard-nvim/plugin/dashboard.lua , size = 0.435 KB
[19:56:11.978][info] [#0:script/workspace/loading.lua:101]: Preload file at: file:///Users/yuanhang/.vim/plugged/dashboard-nvim/lua/dashboard/init.lua , size = 6.726 KB
[19:56:11.983][info] [#0:script/workspace/loading.lua:101]: Preload file at: file:///Users/yuanhang/.vim/plugged/dashboard-nvim/lua/dashboard/preview.lua , size = 4.073 KB
[19:56:11.985][info] [#0:script/workspace/loading.lua:101]: Preload file at: file:///Users/yuanhang/.vim/plugged/dashboard-nvim/lua/dashboard/events.lua , size = 1.813 KB
[19:56:11.986][info] [#0:script/workspace/loading.lua:101]: Preload file at: file:///Users/yuanhang/.vim/plugged/dashboard-nvim/lua/dashboard/theme/doom.lua , size = 5.506 KB
[19:56:11.989][info] [#0:script/workspace/loading.lua:101]: Preload file at: file:///Users/yuanhang/.vim/plugged/dashboard-nvim/lua/dashboard/theme/header.lua , size = 9.788 KB
[19:56:11.990][info] [#0:script/workspace/loading.lua:101]: Preload file at: file:///Users/yuanhang/.vim/plugged/dashboard-nvim/lua/dashboard/utils.lua , size = 3.955 KB
[19:56:12.095][info] [#0:script/workspace/loading.lua:173]: Loaded files takes [0.074] sec: <fallback>
[19:56:12.096][info] [#0:script/workspace/loading.lua:182]: Compile files takes [0.000] sec: <fallback>
[19:56:12.096][info] [#0:script/workspace/loading.lua:183]: Loaded finish:	<fallback>
[19:56:12.096][info] [#0:script/workspace/workspace.lua:379]: Preload finish at:	<fallback>
[19:56:12.111][info] [#0:script/workspace/loading.lua:173]: Loaded files takes [0.084] sec: file:///Users/yuanhang/.vim/plugged/dashboard-nvim
[19:56:12.111][info] [#0:script/workspace/loading.lua:182]: Compile files takes [0.000] sec: file:///Users/yuanhang/.vim/plugged/dashboard-nvim
[19:56:12.111][info] [#0:script/workspace/loading.lua:183]: Loaded finish:	file:///Users/yuanhang/.vim/plugged/dashboard-nvim
[19:56:12.111][info] [#0:script/workspace/workspace.lua:379]: Preload finish at:	file:///Users/yuanhang/.vim/plugged/dashboard-nvim
[19:56:12.123][warn] [#0:script/proto/proto.lua:138]: Response of [workspace/diagnostic/refresh] error [-32601]: Unhandled method workspace/diagnostic/refresh
[19:56:12.128][info] [#0:script/provider/diagnostic.lua:557]: Diagnostics scope [file:///Users/yuanhang/.vim/plugged/dashboard-nvim], files count:[19]
[19:56:12.128][warn] [#0:script/proto/proto.lua:138]: Response of [workspace/diagnostic/refresh] error [-32601]: Unhandled method workspace/diagnostic/refresh
[19:56:12.261][info] [#0:script/provider/diagnostic.lua:574]: Diagnostics scope [file:///Users/yuanhang/.vim/plugged/dashboard-nvim] finished, takes [0.132] sec.
[20:06:11.299][info] [#0:script/service/service.lua:144]: 
========= Medical Examination Report =========
    --------------- Memory ---------------
        Total: 11.430 MB
        # 00 : 10.946 MB
        # 01 : 0.197 MB
        # 02 : 0.181 MB
        # 03 : 0.053 MB
        # 04 : 0.053 MB
    --------------- Coroutine ---------------
        Total:     60
        Running:   0
        Suspended: 0
        Normal:    0
        Dead:      60
    --------------- Cache ---------------
        Total: 1
        Dead:  0
    ---------------  RPC  ---------------
        Holdon:   0
        Waiting:  0
==============================================
[20:16:11.342][info] [#0:script/service/service.lua:144]: 
========= Medical Examination Report =========
    --------------- Memory ---------------
        Total: 12.199 MB
        # 00 : 11.715 MB
        # 01 : 0.197 MB
        # 02 : 0.181 MB
        # 03 : 0.053 MB
        # 04 : 0.053 MB
    --------------- Coroutine ---------------
        Total:     60
        Running:   0
        Suspended: 0
        Normal:    0
        Dead:      60
    --------------- Cache ---------------
        Total: 1
        Dead:  0
    ---------------  RPC  ---------------
        Holdon:   0
        Waiting:  0
==============================================
